2023-07-12T22:01:47.389+01:00  INFO 53680 --- [main] com.example.springboot.Application       : Starting Application using Java 17.0.2 with PID 53680 (C:\code\gs-spring-boot-main\complete\target\classes started by 44795 in C:\code\gs-spring-boot-main\complete)
2023-07-12T22:01:47.391+01:00  INFO 53680 --- [main] com.example.springboot.Application       : No active profile set, falling back to 1 default profile: "default"
2023-07-12T22:01:48.381+01:00  INFO 53680 --- [main] o.s.b.w.embedded.tomcat.TomcatWebServer  : Tomcat initialized with port(s): 8080 (http)
2023-07-12T22:01:48.391+01:00  INFO 53680 --- [main] o.apache.catalina.core.StandardService   : Starting service [Tomcat]
2023-07-12T22:01:48.392+01:00  INFO 53680 --- [main] o.apache.catalina.core.StandardEngine    : Starting Servlet engine: [Apache Tomcat/10.1.1]
2023-07-12T22:01:48.475+01:00  INFO 53680 --- [main] o.a.c.c.C.[Tomcat].[localhost].[/]       : Initializing Spring embedded WebApplicationContext
2023-07-12T22:01:48.476+01:00  INFO 53680 --- [main] w.s.c.ServletWebServerApplicationContext : Root WebApplicationContext: initialization completed in 1040 ms
2023-07-12T22:01:48.663+01:00  WARN 53680 --- [main] ocalVariableTableParameterNameDiscoverer : Using deprecated '-debug' fallback for parameter name resolution. Compile the affected code with '-parameters' instead or avoid its introspection: com.example.springboot.FileUploadController
2023-07-12T22:01:48.667+01:00  WARN 53680 --- [main] ocalVariableTableParameterNameDiscoverer : Using deprecated '-debug' fallback for parameter name resolution. Compile the affected code with '-parameters' instead or avoid its introspection: com.example.storageservice.FileSystemStorageService
2023-07-12T22:01:48.670+01:00  WARN 53680 --- [main] ocalVariableTableParameterNameDiscoverer : Using deprecated '-debug' fallback for parameter name resolution. Compile the affected code with '-parameters' instead or avoid its introspection: com.example.processor.TradeProcessor
2023-07-12T22:01:48.673+01:00  INFO 53680 --- [main] com.example.utils.ProductProvider        : Read all the products
2023-07-12T22:01:48.674+01:00  INFO 53680 --- [main] c.e.springboot.FileUploadController      : Loaded products : 10
2023-07-12T22:01:48.675+01:00  WARN 53680 --- [main] ocalVariableTableParameterNameDiscoverer : Using deprecated '-debug' fallback for parameter name resolution. Compile the affected code with '-parameters' instead or avoid its introspection: com.example.springboot.Application
2023-07-12T22:01:49.059+01:00  INFO 53680 --- [main] o.s.b.a.e.web.EndpointLinksResolver      : Exposing 1 endpoint(s) beneath base path '/actuator'
2023-07-12T22:01:49.116+01:00  INFO 53680 --- [main] o.s.b.w.embedded.tomcat.TomcatWebServer  : Tomcat started on port(s): 8080 (http) with context path ''
2023-07-12T22:01:49.130+01:00  INFO 53680 --- [main] com.example.springboot.Application       : Started Application in 2.09 seconds (process running for 2.336)
2023-07-12T22:01:49.171+01:00  INFO 53680 --- [main] com.example.springboot.Application       : File storage service initialized
2023-07-12T22:01:56.977+01:00  INFO 53680 --- [http-nio-8080-exec-1] o.a.c.c.C.[Tomcat].[localhost].[/]       : Initializing Spring DispatcherServlet 'dispatcherServlet'
2023-07-12T22:01:56.977+01:00  INFO 53680 --- [http-nio-8080-exec-1] o.s.web.servlet.DispatcherServlet        : Initializing Servlet 'dispatcherServlet'
2023-07-12T22:01:56.978+01:00  INFO 53680 --- [http-nio-8080-exec-1] o.s.web.servlet.DispatcherServlet        : Completed initialization in 1 ms
2023-07-12T22:01:57.029+01:00  INFO 53680 --- [http-nio-8080-exec-1] com.example.utils.ProcessTradeData       : Processed trade : 20160101,Treasury Bills Domestic,EUR,10.0
2023-07-12T22:01:57.029+01:00  INFO 53680 --- [http-nio-8080-exec-1] com.example.utils.ProcessTradeData       : Processed trade : 20160101,Corporate Bonds Domestic,EUR,20.1
2023-07-12T22:01:57.030+01:00  INFO 53680 --- [http-nio-8080-exec-1] com.example.utils.ProcessTradeData       : Processed trade : 20160101,REPO Domestic,EUR,30.34
2023-07-12T22:01:57.030+01:00  INFO 53680 --- [http-nio-8080-exec-1] com.example.utils.ProcessTradeData       : Processed trade : 20160101,Missing Product Name,EUR,35.34
2023-07-12T22:01:58.374+01:00  INFO 53680 --- [http-nio-8080-exec-3] com.example.utils.ProcessTradeData       : Processed trade : 20160101,Treasury Bills Domestic,EUR,10.0
2023-07-12T22:01:58.374+01:00  INFO 53680 --- [http-nio-8080-exec-3] com.example.utils.ProcessTradeData       : Processed trade : 20160101,Corporate Bonds Domestic,EUR,20.1
2023-07-12T22:01:58.374+01:00  INFO 53680 --- [http-nio-8080-exec-3] com.example.utils.ProcessTradeData       : Processed trade : 20160101,REPO Domestic,EUR,30.34
2023-07-12T22:01:58.374+01:00  INFO 53680 --- [http-nio-8080-exec-3] com.example.utils.ProcessTradeData       : Processed trade : 20160101,Missing Product Name,EUR,35.34
2023-07-12T22:04:38.989+01:00  INFO 3656 --- [main] com.example.springboot.Application       : Starting Application using Java 17.0.2 with PID 3656 (C:\code\gs-spring-boot-main\complete\target\classes started by 44795 in C:\code\gs-spring-boot-main\complete)
2023-07-12T22:04:38.991+01:00  INFO 3656 --- [main] com.example.springboot.Application       : No active profile set, falling back to 1 default profile: "default"
2023-07-12T22:04:39.878+01:00  INFO 3656 --- [main] o.s.b.w.embedded.tomcat.TomcatWebServer  : Tomcat initialized with port(s): 8080 (http)
2023-07-12T22:04:39.886+01:00  INFO 3656 --- [main] o.apache.catalina.core.StandardService   : Starting service [Tomcat]
2023-07-12T22:04:39.887+01:00  INFO 3656 --- [main] o.apache.catalina.core.StandardEngine    : Starting Servlet engine: [Apache Tomcat/10.1.1]
2023-07-12T22:04:39.958+01:00  INFO 3656 --- [main] o.a.c.c.C.[Tomcat].[localhost].[/]       : Initializing Spring embedded WebApplicationContext
2023-07-12T22:04:39.958+01:00  INFO 3656 --- [main] w.s.c.ServletWebServerApplicationContext : Root WebApplicationContext: initialization completed in 925 ms
2023-07-12T22:04:40.076+01:00  WARN 3656 --- [main] ocalVariableTableParameterNameDiscoverer : Using deprecated '-debug' fallback for parameter name resolution. Compile the affected code with '-parameters' instead or avoid its introspection: com.example.springboot.FileUploadController
2023-07-12T22:04:40.078+01:00  WARN 3656 --- [main] ocalVariableTableParameterNameDiscoverer : Using deprecated '-debug' fallback for parameter name resolution. Compile the affected code with '-parameters' instead or avoid its introspection: com.example.storageservice.FileSystemStorageService
2023-07-12T22:04:40.080+01:00  WARN 3656 --- [main] ocalVariableTableParameterNameDiscoverer : Using deprecated '-debug' fallback for parameter name resolution. Compile the affected code with '-parameters' instead or avoid its introspection: com.example.processor.TradeProcessor
2023-07-12T22:04:40.082+01:00  INFO 3656 --- [main] com.example.utils.ProductProvider        : Read all the products
2023-07-12T22:04:40.084+01:00  INFO 3656 --- [main] c.e.springboot.FileUploadController      : Loaded products : 10
2023-07-12T22:04:40.085+01:00  WARN 3656 --- [main] ocalVariableTableParameterNameDiscoverer : Using deprecated '-debug' fallback for parameter name resolution. Compile the affected code with '-parameters' instead or avoid its introspection: com.example.springboot.Application
2023-07-12T22:04:40.402+01:00  INFO 3656 --- [main] o.s.b.a.e.web.EndpointLinksResolver      : Exposing 1 endpoint(s) beneath base path '/actuator'
2023-07-12T22:04:40.453+01:00  INFO 3656 --- [main] o.s.b.w.embedded.tomcat.TomcatWebServer  : Tomcat started on port(s): 8080 (http) with context path ''
2023-07-12T22:04:40.467+01:00  INFO 3656 --- [main] com.example.springboot.Application       : Started Application in 1.809 seconds (process running for 2.077)
2023-07-12T22:04:40.508+01:00  INFO 3656 --- [main] com.example.springboot.Application       : File storage service initialized
2023-07-12T22:04:47.279+01:00  INFO 3656 --- [http-nio-8080-exec-2] o.a.c.c.C.[Tomcat].[localhost].[/]       : Initializing Spring DispatcherServlet 'dispatcherServlet'
2023-07-12T22:04:47.279+01:00  INFO 3656 --- [http-nio-8080-exec-2] o.s.web.servlet.DispatcherServlet        : Initializing Servlet 'dispatcherServlet'
2023-07-12T22:04:47.280+01:00  INFO 3656 --- [http-nio-8080-exec-2] o.s.web.servlet.DispatcherServlet        : Completed initialization in 1 ms
2023-07-12T22:04:47.332+01:00  INFO 3656 --- [http-nio-8080-exec-2] com.example.utils.ProcessTradeData       : Processed trade : 20160101,Treasury Bills Domestic,EUR,10.0
2023-07-12T22:04:47.332+01:00  INFO 3656 --- [http-nio-8080-exec-2] com.example.utils.ProcessTradeData       : Processed trade : 20160101,Corporate Bonds Domestic,EUR,20.1
2023-07-12T22:04:47.332+01:00  INFO 3656 --- [http-nio-8080-exec-2] com.example.utils.ProcessTradeData       : Processed trade : 20160101,REPO Domestic,EUR,30.34
2023-07-12T22:04:47.333+01:00  INFO 3656 --- [http-nio-8080-exec-2] com.example.utils.ProcessTradeData       : Processed trade : 20160101,Missing Product Name,EUR,35.34
2023-07-12T22:04:48.342+01:00  INFO 3656 --- [http-nio-8080-exec-3] com.example.utils.ProcessTradeData       : Processed trade : 20160101,Treasury Bills Domestic,EUR,10.0
2023-07-12T22:04:48.342+01:00  INFO 3656 --- [http-nio-8080-exec-3] com.example.utils.ProcessTradeData       : Processed trade : 20160101,Corporate Bonds Domestic,EUR,20.1
2023-07-12T22:04:48.342+01:00  INFO 3656 --- [http-nio-8080-exec-3] com.example.utils.ProcessTradeData       : Processed trade : 20160101,REPO Domestic,EUR,30.34
2023-07-12T22:04:48.342+01:00  INFO 3656 --- [http-nio-8080-exec-3] com.example.utils.ProcessTradeData       : Processed trade : 20160101,Missing Product Name,EUR,35.34
2023-07-12T22:05:00.186+01:00  INFO 3656 --- [http-nio-8080-exec-4] com.example.utils.ProcessTradeData       : Processed trade : 20160101,Treasury Bills Domestic,EUR,10.0
2023-07-12T22:05:00.186+01:00  INFO 3656 --- [http-nio-8080-exec-4] com.example.utils.ProcessTradeData       : Processed trade : 20160101,Corporate Bonds Domestic,EUR,20.1
2023-07-12T22:05:00.187+01:00  INFO 3656 --- [http-nio-8080-exec-4] com.example.utils.ProcessTradeData       : Processed trade : 20160101,REPO Domestic,EUR,30.34
2023-07-12T22:05:00.187+01:00  INFO 3656 --- [http-nio-8080-exec-4] com.example.utils.ProcessTradeData       : Processed trade : 20160101,Missing Product Name,EUR,35.34
2023-07-12T22:05:01.252+01:00  INFO 3656 --- [http-nio-8080-exec-5] com.example.utils.ProcessTradeData       : Processed trade : 20160101,Treasury Bills Domestic,EUR,10.0
2023-07-12T22:05:01.252+01:00  INFO 3656 --- [http-nio-8080-exec-5] com.example.utils.ProcessTradeData       : Processed trade : 20160101,Corporate Bonds Domestic,EUR,20.1
2023-07-12T22:05:01.253+01:00  INFO 3656 --- [http-nio-8080-exec-5] com.example.utils.ProcessTradeData       : Processed trade : 20160101,REPO Domestic,EUR,30.34
2023-07-12T22:05:01.253+01:00  INFO 3656 --- [http-nio-8080-exec-5] com.example.utils.ProcessTradeData       : Processed trade : 20160101,Missing Product Name,EUR,35.34
2023-07-12T22:05:02.212+01:00  INFO 3656 --- [http-nio-8080-exec-6] com.example.utils.ProcessTradeData       : Processed trade : 20160101,Treasury Bills Domestic,EUR,10.0
2023-07-12T22:05:02.213+01:00  INFO 3656 --- [http-nio-8080-exec-6] com.example.utils.ProcessTradeData       : Processed trade : 20160101,Corporate Bonds Domestic,EUR,20.1
2023-07-12T22:05:02.213+01:00  INFO 3656 --- [http-nio-8080-exec-6] com.example.utils.ProcessTradeData       : Processed trade : 20160101,REPO Domestic,EUR,30.34
2023-07-12T22:05:02.213+01:00  INFO 3656 --- [http-nio-8080-exec-6] com.example.utils.ProcessTradeData       : Processed trade : 20160101,Missing Product Name,EUR,35.34
2023-07-12T22:05:24.109+01:00  INFO 3656 --- [http-nio-8080-exec-7] com.example.utils.ProcessTradeData       : Processed trade : 20160101,Treasury Bills Domestic,EUR,10.0
2023-07-12T22:05:24.109+01:00  INFO 3656 --- [http-nio-8080-exec-7] com.example.utils.ProcessTradeData       : Processed trade : 20160101,Corporate Bonds Domestic,EUR,20.1
2023-07-12T22:05:24.109+01:00  INFO 3656 --- [http-nio-8080-exec-7] com.example.utils.ProcessTradeData       : Processed trade : 20160101,REPO Domestic,EUR,30.34
2023-07-12T22:05:24.109+01:00  INFO 3656 --- [http-nio-8080-exec-7] com.example.utils.ProcessTradeData       : Processed trade : 20160101,Missing Product Name,EUR,35.34
2023-07-12T22:05:25.449+01:00  INFO 3656 --- [http-nio-8080-exec-8] com.example.utils.ProcessTradeData       : Processed trade : 20160101,Treasury Bills Domestic,EUR,10.0
2023-07-12T22:05:25.450+01:00  INFO 3656 --- [http-nio-8080-exec-8] com.example.utils.ProcessTradeData       : Processed trade : 20160101,Corporate Bonds Domestic,EUR,20.1
2023-07-12T22:05:25.450+01:00  INFO 3656 --- [http-nio-8080-exec-8] com.example.utils.ProcessTradeData       : Processed trade : 20160101,REPO Domestic,EUR,30.34
2023-07-12T22:05:25.450+01:00  INFO 3656 --- [http-nio-8080-exec-8] com.example.utils.ProcessTradeData       : Processed trade : 20160101,Missing Product Name,EUR,35.34
2023-07-12T22:05:26.539+01:00  INFO 3656 --- [http-nio-8080-exec-9] com.example.utils.ProcessTradeData       : Processed trade : 20160101,Treasury Bills Domestic,EUR,10.0
2023-07-12T22:05:26.539+01:00  INFO 3656 --- [http-nio-8080-exec-9] com.example.utils.ProcessTradeData       : Processed trade : 20160101,Corporate Bonds Domestic,EUR,20.1
2023-07-12T22:05:26.539+01:00  INFO 3656 --- [http-nio-8080-exec-9] com.example.utils.ProcessTradeData       : Processed trade : 20160101,REPO Domestic,EUR,30.34
2023-07-12T22:05:26.539+01:00  INFO 3656 --- [http-nio-8080-exec-9] com.example.utils.ProcessTradeData       : Processed trade : 20160101,Missing Product Name,EUR,35.34
2023-07-12T22:05:27.637+01:00  INFO 3656 --- [http-nio-8080-exec-10] com.example.utils.ProcessTradeData       : Processed trade : 20160101,Treasury Bills Domestic,EUR,10.0
2023-07-12T22:05:27.637+01:00  INFO 3656 --- [http-nio-8080-exec-10] com.example.utils.ProcessTradeData       : Processed trade : 20160101,Corporate Bonds Domestic,EUR,20.1
2023-07-12T22:05:27.637+01:00  INFO 3656 --- [http-nio-8080-exec-10] com.example.utils.ProcessTradeData       : Processed trade : 20160101,REPO Domestic,EUR,30.34
2023-07-12T22:05:27.637+01:00  INFO 3656 --- [http-nio-8080-exec-10] com.example.utils.ProcessTradeData       : Processed trade : 20160101,Missing Product Name,EUR,35.34
2023-07-12T22:05:30.244+01:00 ERROR 3656 --- [http-nio-8080-exec-1] com.example.model.Trade                  : Trade has invalid date 20160139,1,EUR,10
2023-07-12T22:05:30.244+01:00 ERROR 3656 --- [http-nio-8080-exec-1] com.example.model.Trade                  : The date 20160139 could not be parsed
2023-07-12T22:05:30.245+01:00 ERROR 3656 --- [http-nio-8080-exec-1] com.example.utils.ProcessTradeData       : The trade is NOT valid : Trade{parsedDate='', productId=1, currency='EUR', price=10.0}
2023-07-12T22:05:30.245+01:00  INFO 3656 --- [http-nio-8080-exec-1] com.example.utils.ProcessTradeData       : Processed trade : 20160101,Corporate Bonds Domestic,EUR,20.1
2023-07-12T22:05:30.245+01:00  INFO 3656 --- [http-nio-8080-exec-1] com.example.utils.ProcessTradeData       : Processed trade : 20160101,REPO Domestic,EUR,30.34
2023-07-12T22:05:30.245+01:00  INFO 3656 --- [http-nio-8080-exec-1] com.example.utils.ProcessTradeData       : Processed trade : 20160101,Missing Product Name,EUR,35.34
2023-07-12T22:06:32.345+01:00  INFO 56140 --- [main] com.example.springboot.Application       : Starting Application using Java 17.0.2 with PID 56140 (C:\code\gs-spring-boot-main\complete\target\classes started by 44795 in C:\code\gs-spring-boot-main\complete)
2023-07-12T22:06:32.347+01:00  INFO 56140 --- [main] com.example.springboot.Application       : No active profile set, falling back to 1 default profile: "default"
2023-07-12T22:06:33.271+01:00  INFO 56140 --- [main] o.s.b.w.embedded.tomcat.TomcatWebServer  : Tomcat initialized with port(s): 8080 (http)
2023-07-12T22:06:33.280+01:00  INFO 56140 --- [main] o.apache.catalina.core.StandardService   : Starting service [Tomcat]
2023-07-12T22:06:33.281+01:00  INFO 56140 --- [main] o.apache.catalina.core.StandardEngine    : Starting Servlet engine: [Apache Tomcat/10.1.1]
2023-07-12T22:06:33.351+01:00  INFO 56140 --- [main] o.a.c.c.C.[Tomcat].[localhost].[/]       : Initializing Spring embedded WebApplicationContext
2023-07-12T22:06:33.352+01:00  INFO 56140 --- [main] w.s.c.ServletWebServerApplicationContext : Root WebApplicationContext: initialization completed in 960 ms
2023-07-12T22:06:33.477+01:00  WARN 56140 --- [main] ocalVariableTableParameterNameDiscoverer : Using deprecated '-debug' fallback for parameter name resolution. Compile the affected code with '-parameters' instead or avoid its introspection: com.example.springboot.FileUploadController
2023-07-12T22:06:33.479+01:00  WARN 56140 --- [main] ocalVariableTableParameterNameDiscoverer : Using deprecated '-debug' fallback for parameter name resolution. Compile the affected code with '-parameters' instead or avoid its introspection: com.example.storageservice.FileSystemStorageService
2023-07-12T22:06:33.483+01:00  WARN 56140 --- [main] ocalVariableTableParameterNameDiscoverer : Using deprecated '-debug' fallback for parameter name resolution. Compile the affected code with '-parameters' instead or avoid its introspection: com.example.processor.TradeProcessor
2023-07-12T22:06:33.486+01:00  INFO 56140 --- [main] com.example.utils.ProductProvider        : Read all the products
2023-07-12T22:06:33.486+01:00  INFO 56140 --- [main] c.e.springboot.FileUploadController      : Loaded products : 10
2023-07-12T22:06:33.487+01:00  WARN 56140 --- [main] ocalVariableTableParameterNameDiscoverer : Using deprecated '-debug' fallback for parameter name resolution. Compile the affected code with '-parameters' instead or avoid its introspection: com.example.springboot.Application
2023-07-12T22:06:33.806+01:00  INFO 56140 --- [main] o.s.b.a.e.web.EndpointLinksResolver      : Exposing 1 endpoint(s) beneath base path '/actuator'
2023-07-12T22:06:33.873+01:00  INFO 56140 --- [main] o.s.b.w.embedded.tomcat.TomcatWebServer  : Tomcat started on port(s): 8080 (http) with context path ''
2023-07-12T22:06:33.890+01:00  INFO 56140 --- [main] com.example.springboot.Application       : Started Application in 1.904 seconds (process running for 2.159)
2023-07-12T22:06:33.941+01:00  INFO 56140 --- [main] com.example.springboot.Application       : File storage service initialized
2023-07-12T22:06:41.513+01:00  INFO 56140 --- [http-nio-8080-exec-1] o.a.c.c.C.[Tomcat].[localhost].[/]       : Initializing Spring DispatcherServlet 'dispatcherServlet'
2023-07-12T22:06:41.513+01:00  INFO 56140 --- [http-nio-8080-exec-1] o.s.web.servlet.DispatcherServlet        : Initializing Servlet 'dispatcherServlet'
2023-07-12T22:06:41.514+01:00  INFO 56140 --- [http-nio-8080-exec-1] o.s.web.servlet.DispatcherServlet        : Completed initialization in 1 ms
2023-07-12T22:06:41.569+01:00 ERROR 56140 --- [http-nio-8080-exec-1] com.example.model.Trade                  : Trade has invalid date 20160139,1,EUR,10
2023-07-12T22:06:41.571+01:00 ERROR 56140 --- [http-nio-8080-exec-1] com.example.model.Trade                  : The date 20160139 could not be parsed
2023-07-12T22:06:41.571+01:00 ERROR 56140 --- [http-nio-8080-exec-1] com.example.utils.ProcessTradeData       : The trade is NOT valid : Trade{parsedDate='', productId=1, currency='EUR', price=10.0}
2023-07-12T22:06:41.572+01:00  INFO 56140 --- [http-nio-8080-exec-1] com.example.utils.ProcessTradeData       : Processed trade : 20160101,Corporate Bonds Domestic,EUR,20.1
2023-07-12T22:06:41.572+01:00  INFO 56140 --- [http-nio-8080-exec-1] com.example.utils.ProcessTradeData       : Processed trade : 20160101,REPO Domestic,EUR,30.34
2023-07-12T22:06:41.572+01:00  INFO 56140 --- [http-nio-8080-exec-1] com.example.utils.ProcessTradeData       : Processed trade : 20160101,Missing Product Name,EUR,35.34
2023-07-12T22:10:50.665+01:00  INFO 8008 --- [main] com.example.springboot.Application       : Starting Application using Java 17.0.2 with PID 8008 (C:\code\gs-spring-boot-main\complete\target\classes started by 44795 in C:\code\gs-spring-boot-main\complete)
2023-07-12T22:10:50.668+01:00  INFO 8008 --- [main] com.example.springboot.Application       : No active profile set, falling back to 1 default profile: "default"
2023-07-12T22:10:51.609+01:00  INFO 8008 --- [main] o.s.b.w.embedded.tomcat.TomcatWebServer  : Tomcat initialized with port(s): 8080 (http)
2023-07-12T22:10:51.618+01:00  INFO 8008 --- [main] o.apache.catalina.core.StandardService   : Starting service [Tomcat]
2023-07-12T22:10:51.619+01:00  INFO 8008 --- [main] o.apache.catalina.core.StandardEngine    : Starting Servlet engine: [Apache Tomcat/10.1.1]
2023-07-12T22:10:51.696+01:00  INFO 8008 --- [main] o.a.c.c.C.[Tomcat].[localhost].[/]       : Initializing Spring embedded WebApplicationContext
2023-07-12T22:10:51.696+01:00  INFO 8008 --- [main] w.s.c.ServletWebServerApplicationContext : Root WebApplicationContext: initialization completed in 987 ms
2023-07-12T22:10:51.823+01:00  WARN 8008 --- [main] ocalVariableTableParameterNameDiscoverer : Using deprecated '-debug' fallback for parameter name resolution. Compile the affected code with '-parameters' instead or avoid its introspection: com.example.springboot.FileUploadController
2023-07-12T22:10:51.826+01:00  WARN 8008 --- [main] ocalVariableTableParameterNameDiscoverer : Using deprecated '-debug' fallback for parameter name resolution. Compile the affected code with '-parameters' instead or avoid its introspection: com.example.storageservice.FileSystemStorageService
2023-07-12T22:10:51.829+01:00  WARN 8008 --- [main] ocalVariableTableParameterNameDiscoverer : Using deprecated '-debug' fallback for parameter name resolution. Compile the affected code with '-parameters' instead or avoid its introspection: com.example.processor.TradeProcessor
2023-07-12T22:10:51.832+01:00  INFO 8008 --- [main] com.example.utils.ProductProvider        : Read all the products
2023-07-12T22:10:51.833+01:00  INFO 8008 --- [main] c.e.springboot.FileUploadController      : Loaded products : 10
2023-07-12T22:10:51.834+01:00  WARN 8008 --- [main] ocalVariableTableParameterNameDiscoverer : Using deprecated '-debug' fallback for parameter name resolution. Compile the affected code with '-parameters' instead or avoid its introspection: com.example.springboot.Application
2023-07-12T22:10:52.168+01:00  INFO 8008 --- [main] o.s.b.a.e.web.EndpointLinksResolver      : Exposing 1 endpoint(s) beneath base path '/actuator'
2023-07-12T22:10:52.221+01:00  INFO 8008 --- [main] o.s.b.w.embedded.tomcat.TomcatWebServer  : Tomcat started on port(s): 8080 (http) with context path ''
2023-07-12T22:10:52.234+01:00  INFO 8008 --- [main] com.example.springboot.Application       : Started Application in 1.922 seconds (process running for 2.184)
2023-07-12T22:10:52.274+01:00  INFO 8008 --- [main] com.example.springboot.Application       : File storage service initialized
2023-07-12T22:11:37.253+01:00  INFO 8008 --- [http-nio-8080-exec-1] o.a.c.c.C.[Tomcat].[localhost].[/]       : Initializing Spring DispatcherServlet 'dispatcherServlet'
2023-07-12T22:11:37.254+01:00  INFO 8008 --- [http-nio-8080-exec-1] o.s.web.servlet.DispatcherServlet        : Initializing Servlet 'dispatcherServlet'
2023-07-12T22:11:37.255+01:00  INFO 8008 --- [http-nio-8080-exec-1] o.s.web.servlet.DispatcherServlet        : Completed initialization in 1 ms
2023-07-12T22:11:37.308+01:00  INFO 8008 --- [http-nio-8080-exec-1] com.example.utils.ProcessTradeData       : Processed trade : 20160101,Treasury Bills Domestic,EUR,10.0
2023-07-12T22:11:37.309+01:00  INFO 8008 --- [http-nio-8080-exec-1] com.example.utils.ProcessTradeData       : Processed trade : 20160101,Corporate Bonds Domestic,EUR,20.1
2023-07-12T22:11:37.309+01:00  INFO 8008 --- [http-nio-8080-exec-1] com.example.utils.ProcessTradeData       : Processed trade : 20160101,REPO Domestic,EUR,30.34
2023-07-12T22:11:37.309+01:00  INFO 8008 --- [http-nio-8080-exec-1] com.example.utils.ProcessTradeData       : Processed trade : 20160101,Missing Product Name,EUR,35.34
2023-07-12T22:12:30.903+01:00 ERROR 8008 --- [http-nio-8080-exec-2] com.example.model.Trade                  : Trade has invalid date 20160139,1,EUR,10
2023-07-12T22:12:30.903+01:00 ERROR 8008 --- [http-nio-8080-exec-2] com.example.model.Trade                  : The date 20160139 could not be parsed
2023-07-12T22:12:30.903+01:00 ERROR 8008 --- [http-nio-8080-exec-2] com.example.utils.ProcessTradeData       : The trade is NOT valid : Trade{parsedDate='', productId=1, currency='EUR', price=10.0}
2023-07-12T22:12:30.903+01:00  INFO 8008 --- [http-nio-8080-exec-2] com.example.utils.ProcessTradeData       : Processed trade : 20160101,Corporate Bonds Domestic,EUR,20.1
2023-07-12T22:12:30.904+01:00  INFO 8008 --- [http-nio-8080-exec-2] com.example.utils.ProcessTradeData       : Processed trade : 20160101,REPO Domestic,EUR,30.34
2023-07-12T22:12:30.904+01:00  INFO 8008 --- [http-nio-8080-exec-2] com.example.utils.ProcessTradeData       : Processed trade : 20160101,Missing Product Name,EUR,35.34
2023-07-12T22:14:00.293+01:00  INFO 18960 --- [main] c.e.springboot.FileUploadControllerTest  : Starting FileUploadControllerTest using Java 17.0.2 with PID 18960 (started by 44795 in C:\code\gs-spring-boot-main\complete)
2023-07-12T22:14:00.294+01:00  INFO 18960 --- [main] c.e.springboot.FileUploadControllerTest  : No active profile set, falling back to 1 default profile: "default"
2023-07-12T22:14:01.035+01:00  WARN 18960 --- [main] ocalVariableTableParameterNameDiscoverer : Using deprecated '-debug' fallback for parameter name resolution. Compile the affected code with '-parameters' instead or avoid its introspection: com.example.springboot.FileUploadController
2023-07-12T22:14:01.038+01:00  WARN 18960 --- [main] ocalVariableTableParameterNameDiscoverer : Using deprecated '-debug' fallback for parameter name resolution. Compile the affected code with '-parameters' instead or avoid its introspection: com.example.storageservice.FileSystemStorageService
2023-07-12T22:14:01.041+01:00  WARN 18960 --- [main] ocalVariableTableParameterNameDiscoverer : Using deprecated '-debug' fallback for parameter name resolution. Compile the affected code with '-parameters' instead or avoid its introspection: com.example.processor.TradeProcessor
2023-07-12T22:14:01.043+01:00  INFO 18960 --- [main] com.example.utils.ProductProvider        : Read all the products
2023-07-12T22:14:01.044+01:00  INFO 18960 --- [main] c.e.springboot.FileUploadController      : Loaded products : 10
2023-07-12T22:14:01.044+01:00  WARN 18960 --- [main] ocalVariableTableParameterNameDiscoverer : Using deprecated '-debug' fallback for parameter name resolution. Compile the affected code with '-parameters' instead or avoid its introspection: com.example.springboot.Application
2023-07-12T22:14:01.593+01:00  INFO 18960 --- [main] o.s.b.t.m.w.SpringBootMockServletContext : Initializing Spring TestDispatcherServlet ''
2023-07-12T22:14:01.593+01:00  INFO 18960 --- [main] o.s.t.web.servlet.TestDispatcherServlet  : Initializing Servlet ''
2023-07-12T22:14:01.600+01:00  INFO 18960 --- [main] o.s.b.a.e.web.EndpointLinksResolver      : Exposing 1 endpoint(s) beneath base path '/actuator'
2023-07-12T22:14:01.608+01:00  INFO 18960 --- [main] o.s.t.web.servlet.TestDispatcherServlet  : Completed initialization in 15 ms
2023-07-12T22:14:01.662+01:00  INFO 18960 --- [main] c.e.springboot.FileUploadControllerTest  : Started FileUploadControllerTest in 1.663 seconds (process running for 2.452)
2023-07-12T22:14:01.717+01:00  INFO 18960 --- [main] com.example.springboot.Application       : File storage service initialized
2023-07-12T22:14:02.187+01:00  INFO 18960 --- [main] o.s.b.t.m.w.SpringBootMockServletContext : Initializing Spring TestDispatcherServlet ''
2023-07-12T22:14:02.188+01:00  INFO 18960 --- [main] o.s.t.web.servlet.TestDispatcherServlet  : Initializing Servlet ''
2023-07-12T22:14:02.189+01:00  INFO 18960 --- [main] o.s.t.web.servlet.TestDispatcherServlet  : Completed initialization in 1 ms
2023-07-12T22:14:02.213+01:00  INFO 18960 --- [main] com.example.utils.ProcessTradeData       : Processed trade : 20160101,Treasury Bills Domestic,EUR,10.0
2023-07-12T22:14:44.019+01:00  INFO 33640 --- [main] com.example.springboot.ProcessingTests   : Starting ProcessingTests using Java 17.0.2 with PID 33640 (started by 44795 in C:\code\gs-spring-boot-main\complete)
2023-07-12T22:14:44.020+01:00  INFO 33640 --- [main] com.example.springboot.ProcessingTests   : No active profile set, falling back to 1 default profile: "default"
2023-07-12T22:14:44.931+01:00  INFO 33640 --- [main] o.s.b.w.embedded.tomcat.TomcatWebServer  : Tomcat initialized with port(s): 0 (http)
2023-07-12T22:14:44.940+01:00  INFO 33640 --- [main] o.apache.catalina.core.StandardService   : Starting service [Tomcat]
2023-07-12T22:14:44.941+01:00  INFO 33640 --- [main] o.apache.catalina.core.StandardEngine    : Starting Servlet engine: [Apache Tomcat/10.1.1]
2023-07-12T22:14:45.026+01:00  INFO 33640 --- [main] o.a.c.c.C.[Tomcat].[localhost].[/]       : Initializing Spring embedded WebApplicationContext
2023-07-12T22:14:45.026+01:00  INFO 33640 --- [main] w.s.c.ServletWebServerApplicationContext : Root WebApplicationContext: initialization completed in 988 ms
2023-07-12T22:14:45.167+01:00  WARN 33640 --- [main] ocalVariableTableParameterNameDiscoverer : Using deprecated '-debug' fallback for parameter name resolution. Compile the affected code with '-parameters' instead or avoid its introspection: com.example.springboot.FileUploadController
2023-07-12T22:14:45.171+01:00  WARN 33640 --- [main] ocalVariableTableParameterNameDiscoverer : Using deprecated '-debug' fallback for parameter name resolution. Compile the affected code with '-parameters' instead or avoid its introspection: com.example.storageservice.FileSystemStorageService
2023-07-12T22:14:45.174+01:00  WARN 33640 --- [main] ocalVariableTableParameterNameDiscoverer : Using deprecated '-debug' fallback for parameter name resolution. Compile the affected code with '-parameters' instead or avoid its introspection: com.example.processor.TradeProcessor
2023-07-12T22:14:45.178+01:00  INFO 33640 --- [main] com.example.utils.ProductProvider        : Read all the products
2023-07-12T22:14:45.179+01:00  INFO 33640 --- [main] c.e.springboot.FileUploadController      : Loaded products : 10
2023-07-12T22:14:45.181+01:00  WARN 33640 --- [main] ocalVariableTableParameterNameDiscoverer : Using deprecated '-debug' fallback for parameter name resolution. Compile the affected code with '-parameters' instead or avoid its introspection: com.example.springboot.Application
2023-07-12T22:14:45.552+01:00  INFO 33640 --- [main] o.s.b.a.e.web.EndpointLinksResolver      : Exposing 1 endpoint(s) beneath base path '/actuator'
2023-07-12T22:14:45.637+01:00  INFO 33640 --- [main] o.s.b.w.embedded.tomcat.TomcatWebServer  : Tomcat started on port(s): 64593 (http) with context path ''
2023-07-12T22:14:45.653+01:00  INFO 33640 --- [main] com.example.springboot.ProcessingTests   : Started ProcessingTests in 1.879 seconds (process running for 2.598)
2023-07-12T22:14:45.698+01:00  INFO 33640 --- [main] com.example.springboot.Application       : File storage service initialized
2023-07-12T22:14:46.141+01:00  INFO 33640 --- [main] com.example.utils.ProcessTradeData       : Processed trade : 20160101,Missing Product Name,EUR,10.0
2023-07-12T22:14:46.141+01:00  INFO 33640 --- [main] com.example.utils.ProcessTradeData       : Processed trade : 20160101,Missing Product Name,EUR,20.1
2023-07-12T22:14:46.155+01:00  INFO 33640 --- [main] com.example.utils.ProcessTradeData       : Processed trade : 20160101,Missing Product Name,EUR,10.0
2023-07-12T22:14:46.156+01:00  INFO 33640 --- [main] com.example.utils.ProcessTradeData       : Processed trade : 20160101,Missing Product Name,EUR,20.1
2023-07-12T22:14:46.176+01:00  INFO 33640 --- [main] com.example.utils.ProcessTradeData       : Processed trade : 20160101,Treasury Bills Domestic,EUR,10.0
2023-07-12T22:14:46.176+01:00  INFO 33640 --- [main] com.example.utils.ProcessTradeData       : Processed trade : 20160101,Corporate Bonds Domestic,EUR,20.1
2023-07-12T22:14:46.190+01:00 ERROR 33640 --- [main] com.example.model.Trade                  : Trade has invalid date 20165590,1,EUR,10
2023-07-12T22:14:46.191+01:00 ERROR 33640 --- [main] com.example.model.Trade                  : The date 20165590 could not be parsed
2023-07-12T22:14:46.191+01:00 ERROR 33640 --- [main] com.example.utils.ProcessTradeData       : The trade is NOT valid : Trade{parsedDate='', productId=1, currency='EUR', price=10.0}
2023-07-12T22:14:46.191+01:00  INFO 33640 --- [main] com.example.utils.ProcessTradeData       : Processed trade : 20160101,Corporate Bonds Domestic,EUR,20.1
2023-07-12T22:20:37.642+01:00  INFO 4720 --- [main] com.example.springboot.ProcessingTests   : Starting ProcessingTests using Java 17.0.2 with PID 4720 (started by 44795 in C:\code\gs-spring-boot-main\complete)
2023-07-12T22:20:37.644+01:00  INFO 4720 --- [main] com.example.springboot.ProcessingTests   : No active profile set, falling back to 1 default profile: "default"
2023-07-12T22:20:38.715+01:00  INFO 4720 --- [main] o.s.b.w.embedded.tomcat.TomcatWebServer  : Tomcat initialized with port(s): 0 (http)
2023-07-12T22:20:38.734+01:00  INFO 4720 --- [main] o.apache.catalina.core.StandardService   : Starting service [Tomcat]
2023-07-12T22:20:38.735+01:00  INFO 4720 --- [main] o.apache.catalina.core.StandardEngine    : Starting Servlet engine: [Apache Tomcat/10.1.1]
2023-07-12T22:20:38.844+01:00  INFO 4720 --- [main] o.a.c.c.C.[Tomcat].[localhost].[/]       : Initializing Spring embedded WebApplicationContext
2023-07-12T22:20:38.844+01:00  INFO 4720 --- [main] w.s.c.ServletWebServerApplicationContext : Root WebApplicationContext: initialization completed in 1178 ms
2023-07-12T22:20:39.001+01:00  WARN 4720 --- [main] ocalVariableTableParameterNameDiscoverer : Using deprecated '-debug' fallback for parameter name resolution. Compile the affected code with '-parameters' instead or avoid its introspection: com.example.springboot.FileUploadController
2023-07-12T22:20:39.005+01:00  WARN 4720 --- [main] ocalVariableTableParameterNameDiscoverer : Using deprecated '-debug' fallback for parameter name resolution. Compile the affected code with '-parameters' instead or avoid its introspection: com.example.storageservice.FileSystemStorageService
2023-07-12T22:20:39.009+01:00  WARN 4720 --- [main] ocalVariableTableParameterNameDiscoverer : Using deprecated '-debug' fallback for parameter name resolution. Compile the affected code with '-parameters' instead or avoid its introspection: com.example.processor.TradeProcessor
2023-07-12T22:20:39.011+01:00  INFO 4720 --- [main] com.example.utils.ProductProvider        : Read all the products
2023-07-12T22:20:39.012+01:00  INFO 4720 --- [main] c.e.springboot.FileUploadController      : Loaded products : 10
2023-07-12T22:20:39.013+01:00  WARN 4720 --- [main] ocalVariableTableParameterNameDiscoverer : Using deprecated '-debug' fallback for parameter name resolution. Compile the affected code with '-parameters' instead or avoid its introspection: com.example.springboot.Application
2023-07-12T22:20:39.403+01:00  INFO 4720 --- [main] o.s.b.a.e.web.EndpointLinksResolver      : Exposing 1 endpoint(s) beneath base path '/actuator'
2023-07-12T22:20:39.501+01:00  INFO 4720 --- [main] o.s.b.w.embedded.tomcat.TomcatWebServer  : Tomcat started on port(s): 64814 (http) with context path ''
2023-07-12T22:20:39.519+01:00  INFO 4720 --- [main] com.example.springboot.ProcessingTests   : Started ProcessingTests in 2.184 seconds (process running for 3.081)
2023-07-12T22:20:39.575+01:00  INFO 4720 --- [main] com.example.springboot.Application       : File storage service initialized
2023-07-12T22:20:40.061+01:00  INFO 4720 --- [main] com.example.utils.ProcessTradeData       : Processed trade : 20160101,Missing Product Name,EUR,10.0
2023-07-12T22:20:40.062+01:00  INFO 4720 --- [main] com.example.utils.ProcessTradeData       : Processed trade : 20160101,Missing Product Name,EUR,20.1
2023-07-12T22:20:40.080+01:00  INFO 4720 --- [main] com.example.utils.ProcessTradeData       : Processed trade : 20160101,Missing Product Name,EUR,10.0
2023-07-12T22:20:40.080+01:00  INFO 4720 --- [main] com.example.utils.ProcessTradeData       : Processed trade : 20160101,Missing Product Name,EUR,20.1
2023-07-12T22:20:40.103+01:00  INFO 4720 --- [main] com.example.utils.ProcessTradeData       : Processed trade : 20160101,Treasury Bills Domestic,EUR,10.0
2023-07-12T22:20:40.104+01:00  INFO 4720 --- [main] com.example.utils.ProcessTradeData       : Processed trade : 20160101,Corporate Bonds Domestic,EUR,20.1
2023-07-12T22:20:40.121+01:00 ERROR 4720 --- [main] com.example.model.Trade                  : Trade has invalid date 20165590,1,EUR,10
2023-07-12T22:20:40.122+01:00 ERROR 4720 --- [main] com.example.model.Trade                  : The date 20165590 could not be parsed
2023-07-12T22:20:40.122+01:00 ERROR 4720 --- [main] com.example.utils.ProcessTradeData       : The trade is NOT valid : Trade{parsedDate='', productId=1, currency='EUR', price=10.0}
2023-07-12T22:20:40.123+01:00  INFO 4720 --- [main] com.example.utils.ProcessTradeData       : Processed trade : 20160101,Corporate Bonds Domestic,EUR,20.1
2023-07-12T22:20:52.422+01:00  INFO 15720 --- [main] com.example.springboot.Application       : Starting Application using Java 17.0.2 with PID 15720 (C:\code\gs-spring-boot-main\complete\target\classes started by 44795 in C:\code\gs-spring-boot-main\complete)
2023-07-12T22:20:52.425+01:00  INFO 15720 --- [main] com.example.springboot.Application       : No active profile set, falling back to 1 default profile: "default"
2023-07-12T22:20:53.529+01:00  INFO 15720 --- [main] o.s.b.w.embedded.tomcat.TomcatWebServer  : Tomcat initialized with port(s): 8080 (http)
2023-07-12T22:20:53.538+01:00  INFO 15720 --- [main] o.apache.catalina.core.StandardService   : Starting service [Tomcat]
2023-07-12T22:20:53.539+01:00  INFO 15720 --- [main] o.apache.catalina.core.StandardEngine    : Starting Servlet engine: [Apache Tomcat/10.1.1]
2023-07-12T22:20:53.628+01:00  INFO 15720 --- [main] o.a.c.c.C.[Tomcat].[localhost].[/]       : Initializing Spring embedded WebApplicationContext
2023-07-12T22:20:53.628+01:00  INFO 15720 --- [main] w.s.c.ServletWebServerApplicationContext : Root WebApplicationContext: initialization completed in 1152 ms
2023-07-12T22:20:53.772+01:00  WARN 15720 --- [main] ocalVariableTableParameterNameDiscoverer : Using deprecated '-debug' fallback for parameter name resolution. Compile the affected code with '-parameters' instead or avoid its introspection: com.example.springboot.FileUploadController
2023-07-12T22:20:53.776+01:00  WARN 15720 --- [main] ocalVariableTableParameterNameDiscoverer : Using deprecated '-debug' fallback for parameter name resolution. Compile the affected code with '-parameters' instead or avoid its introspection: com.example.storageservice.FileSystemStorageService
2023-07-12T22:20:53.782+01:00  WARN 15720 --- [main] ocalVariableTableParameterNameDiscoverer : Using deprecated '-debug' fallback for parameter name resolution. Compile the affected code with '-parameters' instead or avoid its introspection: com.example.processor.TradeProcessor
2023-07-12T22:20:53.784+01:00  INFO 15720 --- [main] com.example.utils.ProductProvider        : Read all the products
2023-07-12T22:20:53.785+01:00  INFO 15720 --- [main] c.e.springboot.FileUploadController      : Loaded products : 10
2023-07-12T22:20:53.786+01:00  WARN 15720 --- [main] ocalVariableTableParameterNameDiscoverer : Using deprecated '-debug' fallback for parameter name resolution. Compile the affected code with '-parameters' instead or avoid its introspection: com.example.springboot.Application
2023-07-12T22:20:54.182+01:00  INFO 15720 --- [main] o.s.b.a.e.web.EndpointLinksResolver      : Exposing 1 endpoint(s) beneath base path '/actuator'
2023-07-12T22:20:54.253+01:00  INFO 15720 --- [main] o.s.b.w.embedded.tomcat.TomcatWebServer  : Tomcat started on port(s): 8080 (http) with context path ''
2023-07-12T22:20:54.271+01:00  INFO 15720 --- [main] com.example.springboot.Application       : Started Application in 2.291 seconds (process running for 2.62)
2023-07-12T22:20:54.329+01:00  INFO 15720 --- [main] com.example.springboot.Application       : File storage service initialized
2023-07-12T22:21:08.235+01:00  INFO 15720 --- [http-nio-8080-exec-1] o.a.c.c.C.[Tomcat].[localhost].[/]       : Initializing Spring DispatcherServlet 'dispatcherServlet'
2023-07-12T22:21:08.235+01:00  INFO 15720 --- [http-nio-8080-exec-1] o.s.web.servlet.DispatcherServlet        : Initializing Servlet 'dispatcherServlet'
2023-07-12T22:21:08.236+01:00  INFO 15720 --- [http-nio-8080-exec-1] o.s.web.servlet.DispatcherServlet        : Completed initialization in 1 ms
2023-07-12T22:21:08.289+01:00  INFO 15720 --- [http-nio-8080-exec-1] com.example.utils.ProcessTradeData       : Processed trade : 20160101,Treasury Bills Domestic,EUR,10.0
2023-07-12T22:21:08.290+01:00  INFO 15720 --- [http-nio-8080-exec-1] com.example.utils.ProcessTradeData       : Processed trade : 20160101,Corporate Bonds Domestic,EUR,20.1
2023-07-12T22:21:08.290+01:00  INFO 15720 --- [http-nio-8080-exec-1] com.example.utils.ProcessTradeData       : Processed trade : 20160101,REPO Domestic,EUR,30.34
2023-07-12T22:21:08.290+01:00  INFO 15720 --- [http-nio-8080-exec-1] com.example.utils.ProcessTradeData       : Processed trade : 20160101,Missing Product Name,EUR,35.34
2023-07-12T22:22:33.573+01:00 ERROR 15720 --- [http-nio-8080-exec-2] com.example.model.Trade                  : Trade has invalid date 20160139,1,EUR,10
2023-07-12T22:22:33.573+01:00 ERROR 15720 --- [http-nio-8080-exec-2] com.example.model.Trade                  : The date 20160139 could not be parsed
2023-07-12T22:22:33.573+01:00 ERROR 15720 --- [http-nio-8080-exec-2] com.example.utils.ProcessTradeData       : The trade is NOT valid : Trade{parsedDate='', productId=1, currency='EUR', price=10.0}
2023-07-12T22:22:33.573+01:00  INFO 15720 --- [http-nio-8080-exec-2] com.example.utils.ProcessTradeData       : Processed trade : 20160101,Corporate Bonds Domestic,EUR,20.1
2023-07-12T22:22:33.574+01:00  INFO 15720 --- [http-nio-8080-exec-2] com.example.utils.ProcessTradeData       : Processed trade : 20160101,REPO Domestic,EUR,30.34
2023-07-12T22:22:33.574+01:00  INFO 15720 --- [http-nio-8080-exec-2] com.example.utils.ProcessTradeData       : Processed trade : 20160101,Missing Product Name,EUR,35.34
2023-07-12T22:24:18.540+01:00  INFO 15296 --- [main] com.example.springboot.ProcessingTests   : Starting ProcessingTests using Java 17.0.2 with PID 15296 (started by 44795 in C:\code\gs-spring-boot-main\complete)
2023-07-12T22:24:18.542+01:00  INFO 15296 --- [main] com.example.springboot.ProcessingTests   : No active profile set, falling back to 1 default profile: "default"
2023-07-12T22:24:19.613+01:00  INFO 15296 --- [main] o.s.b.w.embedded.tomcat.TomcatWebServer  : Tomcat initialized with port(s): 0 (http)
2023-07-12T22:24:19.624+01:00  INFO 15296 --- [main] o.apache.catalina.core.StandardService   : Starting service [Tomcat]
2023-07-12T22:24:19.625+01:00  INFO 15296 --- [main] o.apache.catalina.core.StandardEngine    : Starting Servlet engine: [Apache Tomcat/10.1.1]
2023-07-12T22:24:19.717+01:00  INFO 15296 --- [main] o.a.c.c.C.[Tomcat].[localhost].[/]       : Initializing Spring embedded WebApplicationContext
2023-07-12T22:24:19.717+01:00  INFO 15296 --- [main] w.s.c.ServletWebServerApplicationContext : Root WebApplicationContext: initialization completed in 1156 ms
2023-07-12T22:24:19.853+01:00  WARN 15296 --- [main] ocalVariableTableParameterNameDiscoverer : Using deprecated '-debug' fallback for parameter name resolution. Compile the affected code with '-parameters' instead or avoid its introspection: com.example.springboot.FileUploadController
2023-07-12T22:24:19.856+01:00  WARN 15296 --- [main] ocalVariableTableParameterNameDiscoverer : Using deprecated '-debug' fallback for parameter name resolution. Compile the affected code with '-parameters' instead or avoid its introspection: com.example.storageservice.FileSystemStorageService
2023-07-12T22:24:19.860+01:00  WARN 15296 --- [main] ocalVariableTableParameterNameDiscoverer : Using deprecated '-debug' fallback for parameter name resolution. Compile the affected code with '-parameters' instead or avoid its introspection: com.example.processor.TradeProcessor
2023-07-12T22:24:19.863+01:00  INFO 15296 --- [main] com.example.utils.ProductProvider        : Read all the products
2023-07-12T22:24:19.864+01:00  INFO 15296 --- [main] c.e.springboot.FileUploadController      : Loaded products : 10
2023-07-12T22:24:19.864+01:00  WARN 15296 --- [main] ocalVariableTableParameterNameDiscoverer : Using deprecated '-debug' fallback for parameter name resolution. Compile the affected code with '-parameters' instead or avoid its introspection: com.example.springboot.Application
2023-07-12T22:24:20.234+01:00  INFO 15296 --- [main] o.s.b.a.e.web.EndpointLinksResolver      : Exposing 1 endpoint(s) beneath base path '/actuator'
2023-07-12T22:24:20.325+01:00  INFO 15296 --- [main] o.s.b.w.embedded.tomcat.TomcatWebServer  : Tomcat started on port(s): 64946 (http) with context path ''
2023-07-12T22:24:20.344+01:00  INFO 15296 --- [main] com.example.springboot.ProcessingTests   : Started ProcessingTests in 2.103 seconds (process running for 3.032)
2023-07-12T22:24:20.397+01:00  INFO 15296 --- [main] com.example.springboot.Application       : File storage service initialized
2023-07-12T22:24:20.904+01:00  INFO 15296 --- [main] com.example.utils.ProcessTradeData       : Processed trade : 20160101,Missing Product Name,EUR,10.0
2023-07-12T22:24:20.904+01:00  INFO 15296 --- [main] com.example.utils.ProcessTradeData       : Processed trade : 20160101,Missing Product Name,EUR,20.1
2023-07-12T22:24:20.925+01:00  INFO 15296 --- [main] com.example.utils.ProcessTradeData       : Processed trade : 20160101,Missing Product Name,EUR,10.0
2023-07-12T22:24:20.925+01:00  INFO 15296 --- [main] com.example.utils.ProcessTradeData       : Processed trade : 20160101,Missing Product Name,EUR,20.1
2023-07-12T22:24:20.946+01:00  INFO 15296 --- [main] com.example.utils.ProcessTradeData       : Processed trade : 20160101,Treasury Bills Domestic,EUR,10.0
2023-07-12T22:24:20.946+01:00  INFO 15296 --- [main] com.example.utils.ProcessTradeData       : Processed trade : 20160101,Corporate Bonds Domestic,EUR,20.1
2023-07-12T22:24:20.963+01:00 ERROR 15296 --- [main] com.example.model.Trade                  : Trade has invalid date 20165590,1,EUR,10
2023-07-12T22:24:20.963+01:00 ERROR 15296 --- [main] com.example.model.Trade                  : The date 20165590 could not be parsed
2023-07-12T22:24:20.964+01:00 ERROR 15296 --- [main] com.example.utils.ProcessTradeData       : The trade is NOT valid : Trade{parsedDate='', productId=1, currency='EUR', price=10.0}
2023-07-12T22:24:20.964+01:00  INFO 15296 --- [main] com.example.utils.ProcessTradeData       : Processed trade : 20160101,Corporate Bonds Domestic,EUR,20.1
2023-07-12T22:25:29.327+01:00  INFO 1108 --- [main] c.e.springboot.FileUploadControllerTest  : Starting FileUploadControllerTest using Java 17.0.2 with PID 1108 (started by 44795 in C:\code\gs-spring-boot-main\complete)
2023-07-12T22:25:29.328+01:00  INFO 1108 --- [main] c.e.springboot.FileUploadControllerTest  : No active profile set, falling back to 1 default profile: "default"
2023-07-12T22:25:30.237+01:00  WARN 1108 --- [main] ocalVariableTableParameterNameDiscoverer : Using deprecated '-debug' fallback for parameter name resolution. Compile the affected code with '-parameters' instead or avoid its introspection: com.example.springboot.FileUploadController
2023-07-12T22:25:30.240+01:00  WARN 1108 --- [main] ocalVariableTableParameterNameDiscoverer : Using deprecated '-debug' fallback for parameter name resolution. Compile the affected code with '-parameters' instead or avoid its introspection: com.example.storageservice.FileSystemStorageService
2023-07-12T22:25:30.243+01:00  WARN 1108 --- [main] ocalVariableTableParameterNameDiscoverer : Using deprecated '-debug' fallback for parameter name resolution. Compile the affected code with '-parameters' instead or avoid its introspection: com.example.processor.TradeProcessor
2023-07-12T22:25:30.245+01:00  INFO 1108 --- [main] com.example.utils.ProductProvider        : Read all the products
2023-07-12T22:25:30.246+01:00  INFO 1108 --- [main] c.e.springboot.FileUploadController      : Loaded products : 10
2023-07-12T22:25:30.247+01:00  WARN 1108 --- [main] ocalVariableTableParameterNameDiscoverer : Using deprecated '-debug' fallback for parameter name resolution. Compile the affected code with '-parameters' instead or avoid its introspection: com.example.springboot.Application
2023-07-12T22:25:30.969+01:00  INFO 1108 --- [main] o.s.b.t.m.w.SpringBootMockServletContext : Initializing Spring TestDispatcherServlet ''
2023-07-12T22:25:30.969+01:00  INFO 1108 --- [main] o.s.t.web.servlet.TestDispatcherServlet  : Initializing Servlet ''
2023-07-12T22:25:30.981+01:00  INFO 1108 --- [main] o.s.b.a.e.web.EndpointLinksResolver      : Exposing 1 endpoint(s) beneath base path '/actuator'
2023-07-12T22:25:30.993+01:00  INFO 1108 --- [main] o.s.t.web.servlet.TestDispatcherServlet  : Completed initialization in 23 ms
2023-07-12T22:25:31.062+01:00  INFO 1108 --- [main] c.e.springboot.FileUploadControllerTest  : Started FileUploadControllerTest in 2.11 seconds (process running for 3.242)
2023-07-12T22:25:31.131+01:00  INFO 1108 --- [main] com.example.springboot.Application       : File storage service initialized
2023-07-12T22:25:38.258+01:00  INFO 28084 --- [main] c.e.springboot.FileUploadControllerTest  : Starting FileUploadControllerTest using Java 17.0.2 with PID 28084 (started by 44795 in C:\code\gs-spring-boot-main\complete)
2023-07-12T22:25:38.261+01:00  INFO 28084 --- [main] c.e.springboot.FileUploadControllerTest  : No active profile set, falling back to 1 default profile: "default"
2023-07-12T22:25:39.074+01:00  WARN 28084 --- [main] ocalVariableTableParameterNameDiscoverer : Using deprecated '-debug' fallback for parameter name resolution. Compile the affected code with '-parameters' instead or avoid its introspection: com.example.springboot.FileUploadController
2023-07-12T22:25:39.078+01:00  WARN 28084 --- [main] ocalVariableTableParameterNameDiscoverer : Using deprecated '-debug' fallback for parameter name resolution. Compile the affected code with '-parameters' instead or avoid its introspection: com.example.storageservice.FileSystemStorageService
2023-07-12T22:25:39.080+01:00  WARN 28084 --- [main] ocalVariableTableParameterNameDiscoverer : Using deprecated '-debug' fallback for parameter name resolution. Compile the affected code with '-parameters' instead or avoid its introspection: com.example.processor.TradeProcessor
2023-07-12T22:25:39.083+01:00  INFO 28084 --- [main] com.example.utils.ProductProvider        : Read all the products
2023-07-12T22:25:39.084+01:00  INFO 28084 --- [main] c.e.springboot.FileUploadController      : Loaded products : 10
2023-07-12T22:25:39.085+01:00  WARN 28084 --- [main] ocalVariableTableParameterNameDiscoverer : Using deprecated '-debug' fallback for parameter name resolution. Compile the affected code with '-parameters' instead or avoid its introspection: com.example.springboot.Application
2023-07-12T22:25:39.853+01:00  INFO 28084 --- [main] o.s.b.t.m.w.SpringBootMockServletContext : Initializing Spring TestDispatcherServlet ''
2023-07-12T22:25:39.853+01:00  INFO 28084 --- [main] o.s.t.web.servlet.TestDispatcherServlet  : Initializing Servlet ''
2023-07-12T22:25:39.866+01:00  INFO 28084 --- [main] o.s.b.a.e.web.EndpointLinksResolver      : Exposing 1 endpoint(s) beneath base path '/actuator'
2023-07-12T22:25:39.878+01:00  INFO 28084 --- [main] o.s.t.web.servlet.TestDispatcherServlet  : Completed initialization in 25 ms
2023-07-12T22:25:39.957+01:00  INFO 28084 --- [main] c.e.springboot.FileUploadControllerTest  : Started FileUploadControllerTest in 2.017 seconds (process running for 2.974)
2023-07-12T22:25:40.025+01:00  INFO 28084 --- [main] com.example.springboot.Application       : File storage service initialized
2023-07-12T22:25:40.485+01:00  INFO 28084 --- [main] o.s.b.t.m.w.SpringBootMockServletContext : Initializing Spring TestDispatcherServlet ''
2023-07-12T22:25:40.486+01:00  INFO 28084 --- [main] o.s.t.web.servlet.TestDispatcherServlet  : Initializing Servlet ''
2023-07-12T22:25:40.488+01:00  INFO 28084 --- [main] o.s.t.web.servlet.TestDispatcherServlet  : Completed initialization in 2 ms
2023-07-12T22:25:40.552+01:00  INFO 28084 --- [main] com.example.utils.ProcessTradeData       : Processed trade : 20160101,Treasury Bills Domestic,EUR,10.0
2023-07-12T22:31:05.974+01:00  INFO 32788 --- [main] com.example.springboot.Application       : Starting Application using Java 17.0.2 with PID 32788 (C:\code\gs-spring-boot-main\complete\target\classes started by 44795 in C:\code\gs-spring-boot-main\complete)
2023-07-12T22:31:05.977+01:00  INFO 32788 --- [main] com.example.springboot.Application       : No active profile set, falling back to 1 default profile: "default"
2023-07-12T22:31:07.128+01:00  INFO 32788 --- [main] o.s.b.w.embedded.tomcat.TomcatWebServer  : Tomcat initialized with port(s): 8080 (http)
2023-07-12T22:31:07.139+01:00  INFO 32788 --- [main] o.apache.catalina.core.StandardService   : Starting service [Tomcat]
2023-07-12T22:31:07.139+01:00  INFO 32788 --- [main] o.apache.catalina.core.StandardEngine    : Starting Servlet engine: [Apache Tomcat/10.1.1]
2023-07-12T22:31:07.222+01:00  INFO 32788 --- [main] o.a.c.c.C.[Tomcat].[localhost].[/]       : Initializing Spring embedded WebApplicationContext
2023-07-12T22:31:07.222+01:00  INFO 32788 --- [main] w.s.c.ServletWebServerApplicationContext : Root WebApplicationContext: initialization completed in 1196 ms
2023-07-12T22:31:07.397+01:00  WARN 32788 --- [main] ocalVariableTableParameterNameDiscoverer : Using deprecated '-debug' fallback for parameter name resolution. Compile the affected code with '-parameters' instead or avoid its introspection: com.example.springboot.FileUploadController
2023-07-12T22:31:07.401+01:00  WARN 32788 --- [main] ocalVariableTableParameterNameDiscoverer : Using deprecated '-debug' fallback for parameter name resolution. Compile the affected code with '-parameters' instead or avoid its introspection: com.example.storageservice.FileSystemStorageService
2023-07-12T22:31:07.406+01:00  WARN 32788 --- [main] ocalVariableTableParameterNameDiscoverer : Using deprecated '-debug' fallback for parameter name resolution. Compile the affected code with '-parameters' instead or avoid its introspection: com.example.processor.TradeProcessor
2023-07-12T22:31:07.409+01:00  INFO 32788 --- [main] com.example.utils.ProductProvider        : Read all the products
2023-07-12T22:31:07.411+01:00  INFO 32788 --- [main] c.e.springboot.FileUploadController      : Loaded products : 10
2023-07-12T22:31:07.412+01:00  WARN 32788 --- [main] ocalVariableTableParameterNameDiscoverer : Using deprecated '-debug' fallback for parameter name resolution. Compile the affected code with '-parameters' instead or avoid its introspection: com.example.springboot.Application
2023-07-12T22:31:07.853+01:00  INFO 32788 --- [main] o.s.b.a.e.web.EndpointLinksResolver      : Exposing 1 endpoint(s) beneath base path '/actuator'
2023-07-12T22:31:07.914+01:00  INFO 32788 --- [main] o.s.b.w.embedded.tomcat.TomcatWebServer  : Tomcat started on port(s): 8080 (http) with context path ''
2023-07-12T22:31:07.931+01:00  INFO 32788 --- [main] com.example.springboot.Application       : Started Application in 2.394 seconds (process running for 2.709)
2023-07-12T22:31:07.980+01:00  INFO 32788 --- [main] com.example.springboot.Application       : File storage service initialized
2023-07-12T22:31:29.051+01:00  INFO 32788 --- [http-nio-8080-exec-1] o.a.c.c.C.[Tomcat].[localhost].[/]       : Initializing Spring DispatcherServlet 'dispatcherServlet'
2023-07-12T22:31:29.052+01:00  INFO 32788 --- [http-nio-8080-exec-1] o.s.web.servlet.DispatcherServlet        : Initializing Servlet 'dispatcherServlet'
2023-07-12T22:31:29.053+01:00  INFO 32788 --- [http-nio-8080-exec-1] o.s.web.servlet.DispatcherServlet        : Completed initialization in 1 ms
2023-07-12T22:31:29.112+01:00  INFO 32788 --- [http-nio-8080-exec-1] com.example.utils.ProcessTradeData       : Processed trade : 20160101,Treasury Bills Domestic,EUR,10.0
2023-07-12T22:31:29.112+01:00  INFO 32788 --- [http-nio-8080-exec-1] com.example.utils.ProcessTradeData       : Processed trade : 20160101,Corporate Bonds Domestic,EUR,20.1
2023-07-12T22:31:29.112+01:00  INFO 32788 --- [http-nio-8080-exec-1] com.example.utils.ProcessTradeData       : Processed trade : 20160101,REPO Domestic,EUR,30.34
2023-07-12T22:31:29.112+01:00  INFO 32788 --- [http-nio-8080-exec-1] com.example.utils.ProcessTradeData       : Processed trade : 20160101,Missing Product Name,EUR,35.34
2023-07-12T22:32:47.788+01:00 ERROR 32788 --- [http-nio-8080-exec-2] com.example.model.Trade                  : Trade has invalid date 20160139,1,EUR,10
2023-07-12T22:32:47.788+01:00 ERROR 32788 --- [http-nio-8080-exec-2] com.example.model.Trade                  : The date 20160139 could not be parsed
2023-07-12T22:32:47.789+01:00 ERROR 32788 --- [http-nio-8080-exec-2] com.example.utils.ProcessTradeData       : The trade is NOT valid : Trade{parsedDate='', productId=1, currency='EUR', price=10.0}
2023-07-12T22:32:47.789+01:00  INFO 32788 --- [http-nio-8080-exec-2] com.example.utils.ProcessTradeData       : Processed trade : 20160101,Corporate Bonds Domestic,EUR,20.1
2023-07-12T22:32:47.789+01:00  INFO 32788 --- [http-nio-8080-exec-2] com.example.utils.ProcessTradeData       : Processed trade : 20160101,REPO Domestic,EUR,30.34
2023-07-12T22:32:47.789+01:00  INFO 32788 --- [http-nio-8080-exec-2] com.example.utils.ProcessTradeData       : Processed trade : 20160101,Missing Product Name,EUR,35.34
2023-07-12T22:33:47.203+01:00  INFO 34140 --- [main] com.example.springboot.ProcessingTests   : Starting ProcessingTests using Java 17.0.2 with PID 34140 (started by 44795 in C:\code\gs-spring-boot-main\complete)
2023-07-12T22:33:47.204+01:00  INFO 34140 --- [main] com.example.springboot.ProcessingTests   : No active profile set, falling back to 1 default profile: "default"
2023-07-12T22:33:48.382+01:00  INFO 34140 --- [main] o.s.b.w.embedded.tomcat.TomcatWebServer  : Tomcat initialized with port(s): 0 (http)
2023-07-12T22:33:48.394+01:00  INFO 34140 --- [main] o.apache.catalina.core.StandardService   : Starting service [Tomcat]
2023-07-12T22:33:48.394+01:00  INFO 34140 --- [main] o.apache.catalina.core.StandardEngine    : Starting Servlet engine: [Apache Tomcat/10.1.1]
2023-07-12T22:33:48.496+01:00  INFO 34140 --- [main] o.a.c.c.C.[Tomcat].[localhost].[/]       : Initializing Spring embedded WebApplicationContext
2023-07-12T22:33:48.497+01:00  INFO 34140 --- [main] w.s.c.ServletWebServerApplicationContext : Root WebApplicationContext: initialization completed in 1266 ms
2023-07-12T22:33:48.653+01:00  WARN 34140 --- [main] ocalVariableTableParameterNameDiscoverer : Using deprecated '-debug' fallback for parameter name resolution. Compile the affected code with '-parameters' instead or avoid its introspection: com.example.springboot.FileUploadController
2023-07-12T22:33:48.656+01:00  WARN 34140 --- [main] ocalVariableTableParameterNameDiscoverer : Using deprecated '-debug' fallback for parameter name resolution. Compile the affected code with '-parameters' instead or avoid its introspection: com.example.storageservice.FileSystemStorageService
2023-07-12T22:33:48.660+01:00  WARN 34140 --- [main] ocalVariableTableParameterNameDiscoverer : Using deprecated '-debug' fallback for parameter name resolution. Compile the affected code with '-parameters' instead or avoid its introspection: com.example.processor.TradeProcessor
2023-07-12T22:33:48.662+01:00  INFO 34140 --- [main] com.example.utils.ProductProvider        : Read all the products
2023-07-12T22:33:48.664+01:00  INFO 34140 --- [main] c.e.springboot.FileUploadController      : Loaded products : 10
2023-07-12T22:33:48.666+01:00  WARN 34140 --- [main] ocalVariableTableParameterNameDiscoverer : Using deprecated '-debug' fallback for parameter name resolution. Compile the affected code with '-parameters' instead or avoid its introspection: com.example.springboot.Application
2023-07-12T22:33:49.105+01:00  INFO 34140 --- [main] o.s.b.a.e.web.EndpointLinksResolver      : Exposing 1 endpoint(s) beneath base path '/actuator'
2023-07-12T22:33:49.218+01:00  INFO 34140 --- [main] o.s.b.w.embedded.tomcat.TomcatWebServer  : Tomcat started on port(s): 65349 (http) with context path ''
2023-07-12T22:33:49.244+01:00  INFO 34140 --- [main] com.example.springboot.ProcessingTests   : Started ProcessingTests in 2.43 seconds (process running for 3.614)
2023-07-12T22:33:49.323+01:00  INFO 34140 --- [main] com.example.springboot.Application       : File storage service initialized
2023-07-12T22:33:49.810+01:00  INFO 34140 --- [main] com.example.utils.ProcessTradeData       : Processed trade : 20160101,Missing Product Name,EUR,10.0
2023-07-12T22:33:49.811+01:00  INFO 34140 --- [main] com.example.utils.ProcessTradeData       : Processed trade : 20160101,Missing Product Name,EUR,20.1
2023-07-12T22:33:49.832+01:00  INFO 34140 --- [main] com.example.utils.ProcessTradeData       : Processed trade : 20160101,Missing Product Name,EUR,10.0
2023-07-12T22:33:49.832+01:00  INFO 34140 --- [main] com.example.utils.ProcessTradeData       : Processed trade : 20160101,Missing Product Name,EUR,20.1
2023-07-12T22:33:49.857+01:00  INFO 34140 --- [main] com.example.utils.ProcessTradeData       : Processed trade : 20160101,Treasury Bills Domestic,EUR,10.0
2023-07-12T22:33:49.857+01:00  INFO 34140 --- [main] com.example.utils.ProcessTradeData       : Processed trade : 20160101,Corporate Bonds Domestic,EUR,20.1
2023-07-12T22:33:49.876+01:00 ERROR 34140 --- [main] com.example.model.Trade                  : Trade has invalid date 20165590,1,EUR,10
2023-07-12T22:33:49.877+01:00 ERROR 34140 --- [main] com.example.model.Trade                  : The date 20165590 could not be parsed
2023-07-12T22:33:49.877+01:00 ERROR 34140 --- [main] com.example.utils.ProcessTradeData       : The trade is NOT valid : Trade{parsedDate='', productId=1, currency='EUR', price=10.0}
2023-07-12T22:33:49.877+01:00  INFO 34140 --- [main] com.example.utils.ProcessTradeData       : Processed trade : 20160101,Corporate Bonds Domestic,EUR,20.1
2023-07-12T22:34:32.006+01:00  INFO 10572 --- [main] c.e.springboot.FileUploadControllerTest  : Starting FileUploadControllerTest using Java 17.0.2 with PID 10572 (started by 44795 in C:\code\gs-spring-boot-main\complete)
2023-07-12T22:34:32.008+01:00  INFO 10572 --- [main] c.e.springboot.FileUploadControllerTest  : No active profile set, falling back to 1 default profile: "default"
2023-07-12T22:34:32.889+01:00  WARN 10572 --- [main] ocalVariableTableParameterNameDiscoverer : Using deprecated '-debug' fallback for parameter name resolution. Compile the affected code with '-parameters' instead or avoid its introspection: com.example.springboot.FileUploadController
2023-07-12T22:34:32.892+01:00  WARN 10572 --- [main] ocalVariableTableParameterNameDiscoverer : Using deprecated '-debug' fallback for parameter name resolution. Compile the affected code with '-parameters' instead or avoid its introspection: com.example.storageservice.FileSystemStorageService
2023-07-12T22:34:32.895+01:00  WARN 10572 --- [main] ocalVariableTableParameterNameDiscoverer : Using deprecated '-debug' fallback for parameter name resolution. Compile the affected code with '-parameters' instead or avoid its introspection: com.example.processor.TradeProcessor
2023-07-12T22:34:32.898+01:00  INFO 10572 --- [main] com.example.utils.ProductProvider        : Read all the products
2023-07-12T22:34:32.899+01:00  INFO 10572 --- [main] c.e.springboot.FileUploadController      : Loaded products : 10
2023-07-12T22:34:32.900+01:00  WARN 10572 --- [main] ocalVariableTableParameterNameDiscoverer : Using deprecated '-debug' fallback for parameter name resolution. Compile the affected code with '-parameters' instead or avoid its introspection: com.example.springboot.Application
2023-07-12T22:34:33.629+01:00  INFO 10572 --- [main] o.s.b.t.m.w.SpringBootMockServletContext : Initializing Spring TestDispatcherServlet ''
2023-07-12T22:34:33.629+01:00  INFO 10572 --- [main] o.s.t.web.servlet.TestDispatcherServlet  : Initializing Servlet ''
2023-07-12T22:34:33.641+01:00  INFO 10572 --- [main] o.s.b.a.e.web.EndpointLinksResolver      : Exposing 1 endpoint(s) beneath base path '/actuator'
2023-07-12T22:34:33.653+01:00  INFO 10572 --- [main] o.s.t.web.servlet.TestDispatcherServlet  : Completed initialization in 24 ms
2023-07-12T22:34:33.726+01:00  INFO 10572 --- [main] c.e.springboot.FileUploadControllerTest  : Started FileUploadControllerTest in 2.061 seconds (process running for 2.999)
2023-07-12T22:34:33.799+01:00  INFO 10572 --- [main] com.example.springboot.Application       : File storage service initialized
2023-07-12T22:34:34.369+01:00  INFO 10572 --- [main] o.s.b.t.m.w.SpringBootMockServletContext : Initializing Spring TestDispatcherServlet ''
2023-07-12T22:34:34.370+01:00  INFO 10572 --- [main] o.s.t.web.servlet.TestDispatcherServlet  : Initializing Servlet ''
2023-07-12T22:34:34.371+01:00  INFO 10572 --- [main] o.s.t.web.servlet.TestDispatcherServlet  : Completed initialization in 1 ms
2023-07-12T22:34:34.395+01:00  INFO 10572 --- [main] com.example.utils.ProcessTradeData       : Processed trade : 20160101,Treasury Bills Domestic,EUR,10.0
